<?xml version="1.0" encoding="UTF-8"?>
<testsuite xmlns:xsi="http://www.w3.org/2001/XMLSchema-instance" xsi:noNamespaceSchemaLocation="https://maven.apache.org/surefire/maven-surefire-plugin/xsd/surefire-test-report-3.0.xsd" version="3.0" name="TestSuite" time="98.334" tests="10" errors="0" skipped="0" failures="0">
  <properties>
    <property name="java.specification.version" value="17"/>
    <property name="webdriver.chrome.driver" value="./drivers\chromedriver.exe"/>
    <property name="sun.cpu.isalist" value="amd64"/>
    <property name="sun.jnu.encoding" value="Cp1252"/>
    <property name="java.class.path" value="D:\Software Testing\HybridTdd\Opencart\target\test-classes;D:\Software Testing\HybridTdd\Opencart\target\classes;C:\Users\varghese\.m2\repository\org\seleniumhq\selenium\selenium-java\4.1.2\selenium-java-4.1.2.jar;C:\Users\varghese\.m2\repository\org\seleniumhq\selenium\selenium-api\4.1.2\selenium-api-4.1.2.jar;C:\Users\varghese\.m2\repository\org\seleniumhq\selenium\selenium-chrome-driver\4.1.2\selenium-chrome-driver-4.1.2.jar;C:\Users\varghese\.m2\repository\com\google\auto\service\auto-service-annotations\1.0.1\auto-service-annotations-1.0.1.jar;C:\Users\varghese\.m2\repository\com\google\auto\service\auto-service\1.0.1\auto-service-1.0.1.jar;C:\Users\varghese\.m2\repository\com\google\auto\auto-common\1.2\auto-common-1.2.jar;C:\Users\varghese\.m2\repository\com\google\guava\guava\31.0.1-jre\guava-31.0.1-jre.jar;C:\Users\varghese\.m2\repository\com\google\guava\failureaccess\1.0.1\failureaccess-1.0.1.jar;C:\Users\varghese\.m2\repository\com\google\guava\listenablefuture\9999.0-empty-to-avoid-conflict-with-guava\listenablefuture-9999.0-empty-to-avoid-conflict-with-guava.jar;C:\Users\varghese\.m2\repository\com\google\code\findbugs\jsr305\3.0.2\jsr305-3.0.2.jar;C:\Users\varghese\.m2\repository\org\checkerframework\checker-qual\3.12.0\checker-qual-3.12.0.jar;C:\Users\varghese\.m2\repository\com\google\errorprone\error_prone_annotations\2.7.1\error_prone_annotations-2.7.1.jar;C:\Users\varghese\.m2\repository\com\google\j2objc\j2objc-annotations\1.3\j2objc-annotations-1.3.jar;C:\Users\varghese\.m2\repository\org\seleniumhq\selenium\selenium-chromium-driver\4.1.2\selenium-chromium-driver-4.1.2.jar;C:\Users\varghese\.m2\repository\org\seleniumhq\selenium\selenium-json\4.1.2\selenium-json-4.1.2.jar;C:\Users\varghese\.m2\repository\org\seleniumhq\selenium\selenium-devtools-v85\4.1.2\selenium-devtools-v85-4.1.2.jar;C:\Users\varghese\.m2\repository\org\seleniumhq\selenium\selenium-devtools-v95\4.1.2\selenium-devtools-v95-4.1.2.jar;C:\Users\varghese\.m2\repository\org\seleniumhq\selenium\selenium-devtools-v96\4.1.2\selenium-devtools-v96-4.1.2.jar;C:\Users\varghese\.m2\repository\org\seleniumhq\selenium\selenium-devtools-v97\4.1.2\selenium-devtools-v97-4.1.2.jar;C:\Users\varghese\.m2\repository\org\seleniumhq\selenium\selenium-edge-driver\4.1.2\selenium-edge-driver-4.1.2.jar;C:\Users\varghese\.m2\repository\org\seleniumhq\selenium\selenium-firefox-driver\4.1.2\selenium-firefox-driver-4.1.2.jar;C:\Users\varghese\.m2\repository\org\seleniumhq\selenium\selenium-firefox-xpi-driver\4.1.2\selenium-firefox-xpi-driver-4.1.2.jar;C:\Users\varghese\.m2\repository\org\seleniumhq\selenium\selenium-ie-driver\4.1.2\selenium-ie-driver-4.1.2.jar;C:\Users\varghese\.m2\repository\org\seleniumhq\selenium\selenium-opera-driver\4.1.2\selenium-opera-driver-4.1.2.jar;C:\Users\varghese\.m2\repository\org\seleniumhq\selenium\selenium-remote-driver\4.1.2\selenium-remote-driver-4.1.2.jar;C:\Users\varghese\.m2\repository\io\netty\netty-buffer\4.1.73.Final\netty-buffer-4.1.73.Final.jar;C:\Users\varghese\.m2\repository\io\netty\netty-codec-http\4.1.73.Final\netty-codec-http-4.1.73.Final.jar;C:\Users\varghese\.m2\repository\io\netty\netty-codec\4.1.73.Final\netty-codec-4.1.73.Final.jar;C:\Users\varghese\.m2\repository\io\netty\netty-handler\4.1.73.Final\netty-handler-4.1.73.Final.jar;C:\Users\varghese\.m2\repository\io\netty\netty-tcnative-classes\2.0.46.Final\netty-tcnative-classes-2.0.46.Final.jar;C:\Users\varghese\.m2\repository\io\netty\netty-common\4.1.73.Final\netty-common-4.1.73.Final.jar;C:\Users\varghese\.m2\repository\io\netty\netty-transport-classes-epoll\4.1.73.Final\netty-transport-classes-epoll-4.1.73.Final.jar;C:\Users\varghese\.m2\repository\io\netty\netty-transport-classes-kqueue\4.1.73.Final\netty-transport-classes-kqueue-4.1.73.Final.jar;C:\Users\varghese\.m2\repository\io\netty\netty-transport-native-epoll\4.1.73.Final\netty-transport-native-epoll-4.1.73.Final.jar;C:\Users\varghese\.m2\repository\io\netty\netty-transport-native-kqueue\4.1.73.Final\netty-transport-native-kqueue-4.1.73.Final.jar;C:\Users\varghese\.m2\repository\io\netty\netty-transport-native-unix-common\4.1.73.Final\netty-transport-native-unix-common-4.1.73.Final.jar;C:\Users\varghese\.m2\repository\io\netty\netty-transport\4.1.73.Final\netty-transport-4.1.73.Final.jar;C:\Users\varghese\.m2\repository\io\netty\netty-resolver\4.1.73.Final\netty-resolver-4.1.73.Final.jar;C:\Users\varghese\.m2\repository\io\opentelemetry\opentelemetry-api\1.10.1\opentelemetry-api-1.10.1.jar;C:\Users\varghese\.m2\repository\io\opentelemetry\opentelemetry-context\1.10.1\opentelemetry-context-1.10.1.jar;C:\Users\varghese\.m2\repository\io\opentelemetry\opentelemetry-exporter-logging\1.10.1\opentelemetry-exporter-logging-1.10.1.jar;C:\Users\varghese\.m2\repository\io\opentelemetry\opentelemetry-sdk-metrics\1.10.1-alpha\opentelemetry-sdk-metrics-1.10.1-alpha.jar;C:\Users\varghese\.m2\repository\io\opentelemetry\opentelemetry-sdk-logs\1.10.1-alpha\opentelemetry-sdk-logs-1.10.1-alpha.jar;C:\Users\varghese\.m2\repository\io\opentelemetry\opentelemetry-sdk-common\1.10.1\opentelemetry-sdk-common-1.10.1.jar;C:\Users\varghese\.m2\repository\io\opentelemetry\opentelemetry-sdk-extension-autoconfigure-spi\1.10.1\opentelemetry-sdk-extension-autoconfigure-spi-1.10.1.jar;C:\Users\varghese\.m2\repository\io\opentelemetry\opentelemetry-sdk-extension-autoconfigure\1.10.1-alpha\opentelemetry-sdk-extension-autoconfigure-1.10.1-alpha.jar;C:\Users\varghese\.m2\repository\io\opentelemetry\opentelemetry-sdk-trace\1.10.1\opentelemetry-sdk-trace-1.10.1.jar;C:\Users\varghese\.m2\repository\io\opentelemetry\opentelemetry-sdk\1.10.1\opentelemetry-sdk-1.10.1.jar;C:\Users\varghese\.m2\repository\io\opentelemetry\opentelemetry-semconv\1.10.1-alpha\opentelemetry-semconv-1.10.1-alpha.jar;C:\Users\varghese\.m2\repository\io\ous\jtoml\2.0.0\jtoml-2.0.0.jar;C:\Users\varghese\.m2\repository\net\bytebuddy\byte-buddy\1.12.7\byte-buddy-1.12.7.jar;C:\Users\varghese\.m2\repository\org\apache\commons\commons-exec\1.3\commons-exec-1.3.jar;C:\Users\varghese\.m2\repository\org\asynchttpclient\async-http-client\2.12.3\async-http-client-2.12.3.jar;C:\Users\varghese\.m2\repository\org\asynchttpclient\async-http-client-netty-utils\2.12.3\async-http-client-netty-utils-2.12.3.jar;C:\Users\varghese\.m2\repository\io\netty\netty-codec-socks\4.1.60.Final\netty-codec-socks-4.1.60.Final.jar;C:\Users\varghese\.m2\repository\io\netty\netty-handler-proxy\4.1.60.Final\netty-handler-proxy-4.1.60.Final.jar;C:\Users\varghese\.m2\repository\io\netty\netty-transport-native-epoll\4.1.60.Final\netty-transport-native-epoll-4.1.60.Final-linux-x86_64.jar;C:\Users\varghese\.m2\repository\io\netty\netty-transport-native-kqueue\4.1.60.Final\netty-transport-native-kqueue-4.1.60.Final-osx-x86_64.jar;C:\Users\varghese\.m2\repository\org\reactivestreams\reactive-streams\1.0.3\reactive-streams-1.0.3.jar;C:\Users\varghese\.m2\repository\com\typesafe\netty\netty-reactive-streams\2.0.4\netty-reactive-streams-2.0.4.jar;C:\Users\varghese\.m2\repository\org\slf4j\slf4j-api\1.7.30\slf4j-api-1.7.30.jar;C:\Users\varghese\.m2\repository\com\sun\activation\jakarta.activation\1.2.2\jakarta.activation-1.2.2.jar;C:\Users\varghese\.m2\repository\org\seleniumhq\selenium\selenium-http\4.1.2\selenium-http-4.1.2.jar;C:\Users\varghese\.m2\repository\net\jodah\failsafe\2.4.4\failsafe-2.4.4.jar;C:\Users\varghese\.m2\repository\org\seleniumhq\selenium\selenium-safari-driver\4.1.2\selenium-safari-driver-4.1.2.jar;C:\Users\varghese\.m2\repository\org\seleniumhq\selenium\selenium-support\4.1.2\selenium-support-4.1.2.jar;C:\Users\varghese\.m2\repository\org\testng\testng\7.1.0\testng-7.1.0.jar;C:\Users\varghese\.m2\repository\com\beust\jcommander\1.72\jcommander-1.72.jar;C:\Users\varghese\.m2\repository\com\google\inject\guice\4.1.0\guice-4.1.0-no_aop.jar;C:\Users\varghese\.m2\repository\javax\inject\javax.inject\1\javax.inject-1.jar;C:\Users\varghese\.m2\repository\aopalliance\aopalliance\1.0\aopalliance-1.0.jar;C:\Users\varghese\.m2\repository\org\yaml\snakeyaml\1.21\snakeyaml-1.21.jar;C:\Users\varghese\.m2\repository\com\aventstack\extentreports\4.1.7\extentreports-4.1.7.jar;C:\Users\varghese\.m2\repository\org\freemarker\freemarker\2.3.29\freemarker-2.3.29.jar;C:\Users\varghese\.m2\repository\org\apache\httpcomponents\httpclient\4.5.2\httpclient-4.5.2.jar;C:\Users\varghese\.m2\repository\org\apache\httpcomponents\httpcore\4.4.4\httpcore-4.4.4.jar;C:\Users\varghese\.m2\repository\commons-logging\commons-logging\1.2\commons-logging-1.2.jar;C:\Users\varghese\.m2\repository\org\apache\httpcomponents\httpmime\4.5.2\httpmime-4.5.2.jar;C:\Users\varghese\.m2\repository\com\google\code\gson\gson\2.8.6\gson-2.8.6.jar;C:\Users\varghese\.m2\repository\org\mongodb\mongodb-driver\3.12.0\mongodb-driver-3.12.0.jar;C:\Users\varghese\.m2\repository\org\mongodb\mongodb-driver-core\3.12.0\mongodb-driver-core-3.12.0.jar;C:\Users\varghese\.m2\repository\org\mongodb\bson\3.12.0\bson-3.12.0.jar;C:\Users\varghese\.m2\repository\commons-io\commons-io\2.11.0\commons-io-2.11.0.jar;C:\Users\varghese\.m2\repository\org\apache\poi\poi\5.2.0\poi-5.2.0.jar;C:\Users\varghese\.m2\repository\commons-codec\commons-codec\1.15\commons-codec-1.15.jar;C:\Users\varghese\.m2\repository\org\apache\commons\commons-collections4\4.4\commons-collections4-4.4.jar;C:\Users\varghese\.m2\repository\org\apache\commons\commons-math3\3.6.1\commons-math3-3.6.1.jar;C:\Users\varghese\.m2\repository\com\zaxxer\SparseBitSet\1.2\SparseBitSet-1.2.jar;C:\Users\varghese\.m2\repository\org\apache\logging\log4j\log4j-api\2.17.1\log4j-api-2.17.1.jar;C:\Users\varghese\.m2\repository\org\apache\poi\poi-ooxml\5.2.0\poi-ooxml-5.2.0.jar;C:\Users\varghese\.m2\repository\org\apache\poi\poi-ooxml-lite\5.2.0\poi-ooxml-lite-5.2.0.jar;C:\Users\varghese\.m2\repository\org\apache\xmlbeans\xmlbeans\5.0.3\xmlbeans-5.0.3.jar;C:\Users\varghese\.m2\repository\org\apache\commons\commons-compress\1.21\commons-compress-1.21.jar;C:\Users\varghese\.m2\repository\com\github\virtuald\curvesapi\1.06\curvesapi-1.06.jar;C:\Users\varghese\.m2\repository\log4j\log4j\1.2.17\log4j-1.2.17.jar;C:\Users\varghese\.m2\repository\org\apache\commons\commons-lang3\3.12.0\commons-lang3-3.12.0.jar;"/>
    <property name="java.vm.vendor" value="Oracle Corporation"/>
    <property name="sun.arch.data.model" value="64"/>
    <property name="user.variant" value=""/>
    <property name="java.vendor.url" value="https://java.oracle.com/"/>
    <property name="user.timezone" value="Asia/Calcutta"/>
    <property name="os.name" value="Windows 10"/>
    <property name="java.vm.specification.version" value="17"/>
    <property name="sun.java.launcher" value="SUN_STANDARD"/>
    <property name="user.country" value="IN"/>
    <property name="sun.boot.library.path" value="C:\Program Files\Java\jdk-17\bin"/>
    <property name="sun.java.command" value="C:\Users\varghese\AppData\Local\Temp\surefire9730154741644702793\surefirebooter14581589036548492119.jar C:\Users\varghese\AppData\Local\Temp\surefire9730154741644702793 2022-03-14T09-50-42_972-jvmRun1 surefire9119831867966619061tmp surefire_06636607405227762979tmp"/>
    <property name="jdk.debug" value="release"/>
    <property name="surefire.test.class.path" value="D:\Software Testing\HybridTdd\Opencart\target\test-classes;D:\Software Testing\HybridTdd\Opencart\target\classes;C:\Users\varghese\.m2\repository\org\seleniumhq\selenium\selenium-java\4.1.2\selenium-java-4.1.2.jar;C:\Users\varghese\.m2\repository\org\seleniumhq\selenium\selenium-api\4.1.2\selenium-api-4.1.2.jar;C:\Users\varghese\.m2\repository\org\seleniumhq\selenium\selenium-chrome-driver\4.1.2\selenium-chrome-driver-4.1.2.jar;C:\Users\varghese\.m2\repository\com\google\auto\service\auto-service-annotations\1.0.1\auto-service-annotations-1.0.1.jar;C:\Users\varghese\.m2\repository\com\google\auto\service\auto-service\1.0.1\auto-service-1.0.1.jar;C:\Users\varghese\.m2\repository\com\google\auto\auto-common\1.2\auto-common-1.2.jar;C:\Users\varghese\.m2\repository\com\google\guava\guava\31.0.1-jre\guava-31.0.1-jre.jar;C:\Users\varghese\.m2\repository\com\google\guava\failureaccess\1.0.1\failureaccess-1.0.1.jar;C:\Users\varghese\.m2\repository\com\google\guava\listenablefuture\9999.0-empty-to-avoid-conflict-with-guava\listenablefuture-9999.0-empty-to-avoid-conflict-with-guava.jar;C:\Users\varghese\.m2\repository\com\google\code\findbugs\jsr305\3.0.2\jsr305-3.0.2.jar;C:\Users\varghese\.m2\repository\org\checkerframework\checker-qual\3.12.0\checker-qual-3.12.0.jar;C:\Users\varghese\.m2\repository\com\google\errorprone\error_prone_annotations\2.7.1\error_prone_annotations-2.7.1.jar;C:\Users\varghese\.m2\repository\com\google\j2objc\j2objc-annotations\1.3\j2objc-annotations-1.3.jar;C:\Users\varghese\.m2\repository\org\seleniumhq\selenium\selenium-chromium-driver\4.1.2\selenium-chromium-driver-4.1.2.jar;C:\Users\varghese\.m2\repository\org\seleniumhq\selenium\selenium-json\4.1.2\selenium-json-4.1.2.jar;C:\Users\varghese\.m2\repository\org\seleniumhq\selenium\selenium-devtools-v85\4.1.2\selenium-devtools-v85-4.1.2.jar;C:\Users\varghese\.m2\repository\org\seleniumhq\selenium\selenium-devtools-v95\4.1.2\selenium-devtools-v95-4.1.2.jar;C:\Users\varghese\.m2\repository\org\seleniumhq\selenium\selenium-devtools-v96\4.1.2\selenium-devtools-v96-4.1.2.jar;C:\Users\varghese\.m2\repository\org\seleniumhq\selenium\selenium-devtools-v97\4.1.2\selenium-devtools-v97-4.1.2.jar;C:\Users\varghese\.m2\repository\org\seleniumhq\selenium\selenium-edge-driver\4.1.2\selenium-edge-driver-4.1.2.jar;C:\Users\varghese\.m2\repository\org\seleniumhq\selenium\selenium-firefox-driver\4.1.2\selenium-firefox-driver-4.1.2.jar;C:\Users\varghese\.m2\repository\org\seleniumhq\selenium\selenium-firefox-xpi-driver\4.1.2\selenium-firefox-xpi-driver-4.1.2.jar;C:\Users\varghese\.m2\repository\org\seleniumhq\selenium\selenium-ie-driver\4.1.2\selenium-ie-driver-4.1.2.jar;C:\Users\varghese\.m2\repository\org\seleniumhq\selenium\selenium-opera-driver\4.1.2\selenium-opera-driver-4.1.2.jar;C:\Users\varghese\.m2\repository\org\seleniumhq\selenium\selenium-remote-driver\4.1.2\selenium-remote-driver-4.1.2.jar;C:\Users\varghese\.m2\repository\io\netty\netty-buffer\4.1.73.Final\netty-buffer-4.1.73.Final.jar;C:\Users\varghese\.m2\repository\io\netty\netty-codec-http\4.1.73.Final\netty-codec-http-4.1.73.Final.jar;C:\Users\varghese\.m2\repository\io\netty\netty-codec\4.1.73.Final\netty-codec-4.1.73.Final.jar;C:\Users\varghese\.m2\repository\io\netty\netty-handler\4.1.73.Final\netty-handler-4.1.73.Final.jar;C:\Users\varghese\.m2\repository\io\netty\netty-tcnative-classes\2.0.46.Final\netty-tcnative-classes-2.0.46.Final.jar;C:\Users\varghese\.m2\repository\io\netty\netty-common\4.1.73.Final\netty-common-4.1.73.Final.jar;C:\Users\varghese\.m2\repository\io\netty\netty-transport-classes-epoll\4.1.73.Final\netty-transport-classes-epoll-4.1.73.Final.jar;C:\Users\varghese\.m2\repository\io\netty\netty-transport-classes-kqueue\4.1.73.Final\netty-transport-classes-kqueue-4.1.73.Final.jar;C:\Users\varghese\.m2\repository\io\netty\netty-transport-native-epoll\4.1.73.Final\netty-transport-native-epoll-4.1.73.Final.jar;C:\Users\varghese\.m2\repository\io\netty\netty-transport-native-kqueue\4.1.73.Final\netty-transport-native-kqueue-4.1.73.Final.jar;C:\Users\varghese\.m2\repository\io\netty\netty-transport-native-unix-common\4.1.73.Final\netty-transport-native-unix-common-4.1.73.Final.jar;C:\Users\varghese\.m2\repository\io\netty\netty-transport\4.1.73.Final\netty-transport-4.1.73.Final.jar;C:\Users\varghese\.m2\repository\io\netty\netty-resolver\4.1.73.Final\netty-resolver-4.1.73.Final.jar;C:\Users\varghese\.m2\repository\io\opentelemetry\opentelemetry-api\1.10.1\opentelemetry-api-1.10.1.jar;C:\Users\varghese\.m2\repository\io\opentelemetry\opentelemetry-context\1.10.1\opentelemetry-context-1.10.1.jar;C:\Users\varghese\.m2\repository\io\opentelemetry\opentelemetry-exporter-logging\1.10.1\opentelemetry-exporter-logging-1.10.1.jar;C:\Users\varghese\.m2\repository\io\opentelemetry\opentelemetry-sdk-metrics\1.10.1-alpha\opentelemetry-sdk-metrics-1.10.1-alpha.jar;C:\Users\varghese\.m2\repository\io\opentelemetry\opentelemetry-sdk-logs\1.10.1-alpha\opentelemetry-sdk-logs-1.10.1-alpha.jar;C:\Users\varghese\.m2\repository\io\opentelemetry\opentelemetry-sdk-common\1.10.1\opentelemetry-sdk-common-1.10.1.jar;C:\Users\varghese\.m2\repository\io\opentelemetry\opentelemetry-sdk-extension-autoconfigure-spi\1.10.1\opentelemetry-sdk-extension-autoconfigure-spi-1.10.1.jar;C:\Users\varghese\.m2\repository\io\opentelemetry\opentelemetry-sdk-extension-autoconfigure\1.10.1-alpha\opentelemetry-sdk-extension-autoconfigure-1.10.1-alpha.jar;C:\Users\varghese\.m2\repository\io\opentelemetry\opentelemetry-sdk-trace\1.10.1\opentelemetry-sdk-trace-1.10.1.jar;C:\Users\varghese\.m2\repository\io\opentelemetry\opentelemetry-sdk\1.10.1\opentelemetry-sdk-1.10.1.jar;C:\Users\varghese\.m2\repository\io\opentelemetry\opentelemetry-semconv\1.10.1-alpha\opentelemetry-semconv-1.10.1-alpha.jar;C:\Users\varghese\.m2\repository\io\ous\jtoml\2.0.0\jtoml-2.0.0.jar;C:\Users\varghese\.m2\repository\net\bytebuddy\byte-buddy\1.12.7\byte-buddy-1.12.7.jar;C:\Users\varghese\.m2\repository\org\apache\commons\commons-exec\1.3\commons-exec-1.3.jar;C:\Users\varghese\.m2\repository\org\asynchttpclient\async-http-client\2.12.3\async-http-client-2.12.3.jar;C:\Users\varghese\.m2\repository\org\asynchttpclient\async-http-client-netty-utils\2.12.3\async-http-client-netty-utils-2.12.3.jar;C:\Users\varghese\.m2\repository\io\netty\netty-codec-socks\4.1.60.Final\netty-codec-socks-4.1.60.Final.jar;C:\Users\varghese\.m2\repository\io\netty\netty-handler-proxy\4.1.60.Final\netty-handler-proxy-4.1.60.Final.jar;C:\Users\varghese\.m2\repository\io\netty\netty-transport-native-epoll\4.1.60.Final\netty-transport-native-epoll-4.1.60.Final-linux-x86_64.jar;C:\Users\varghese\.m2\repository\io\netty\netty-transport-native-kqueue\4.1.60.Final\netty-transport-native-kqueue-4.1.60.Final-osx-x86_64.jar;C:\Users\varghese\.m2\repository\org\reactivestreams\reactive-streams\1.0.3\reactive-streams-1.0.3.jar;C:\Users\varghese\.m2\repository\com\typesafe\netty\netty-reactive-streams\2.0.4\netty-reactive-streams-2.0.4.jar;C:\Users\varghese\.m2\repository\org\slf4j\slf4j-api\1.7.30\slf4j-api-1.7.30.jar;C:\Users\varghese\.m2\repository\com\sun\activation\jakarta.activation\1.2.2\jakarta.activation-1.2.2.jar;C:\Users\varghese\.m2\repository\org\seleniumhq\selenium\selenium-http\4.1.2\selenium-http-4.1.2.jar;C:\Users\varghese\.m2\repository\net\jodah\failsafe\2.4.4\failsafe-2.4.4.jar;C:\Users\varghese\.m2\repository\org\seleniumhq\selenium\selenium-safari-driver\4.1.2\selenium-safari-driver-4.1.2.jar;C:\Users\varghese\.m2\repository\org\seleniumhq\selenium\selenium-support\4.1.2\selenium-support-4.1.2.jar;C:\Users\varghese\.m2\repository\org\testng\testng\7.1.0\testng-7.1.0.jar;C:\Users\varghese\.m2\repository\com\beust\jcommander\1.72\jcommander-1.72.jar;C:\Users\varghese\.m2\repository\com\google\inject\guice\4.1.0\guice-4.1.0-no_aop.jar;C:\Users\varghese\.m2\repository\javax\inject\javax.inject\1\javax.inject-1.jar;C:\Users\varghese\.m2\repository\aopalliance\aopalliance\1.0\aopalliance-1.0.jar;C:\Users\varghese\.m2\repository\org\yaml\snakeyaml\1.21\snakeyaml-1.21.jar;C:\Users\varghese\.m2\repository\com\aventstack\extentreports\4.1.7\extentreports-4.1.7.jar;C:\Users\varghese\.m2\repository\org\freemarker\freemarker\2.3.29\freemarker-2.3.29.jar;C:\Users\varghese\.m2\repository\org\apache\httpcomponents\httpclient\4.5.2\httpclient-4.5.2.jar;C:\Users\varghese\.m2\repository\org\apache\httpcomponents\httpcore\4.4.4\httpcore-4.4.4.jar;C:\Users\varghese\.m2\repository\commons-logging\commons-logging\1.2\commons-logging-1.2.jar;C:\Users\varghese\.m2\repository\org\apache\httpcomponents\httpmime\4.5.2\httpmime-4.5.2.jar;C:\Users\varghese\.m2\repository\com\google\code\gson\gson\2.8.6\gson-2.8.6.jar;C:\Users\varghese\.m2\repository\org\mongodb\mongodb-driver\3.12.0\mongodb-driver-3.12.0.jar;C:\Users\varghese\.m2\repository\org\mongodb\mongodb-driver-core\3.12.0\mongodb-driver-core-3.12.0.jar;C:\Users\varghese\.m2\repository\org\mongodb\bson\3.12.0\bson-3.12.0.jar;C:\Users\varghese\.m2\repository\commons-io\commons-io\2.11.0\commons-io-2.11.0.jar;C:\Users\varghese\.m2\repository\org\apache\poi\poi\5.2.0\poi-5.2.0.jar;C:\Users\varghese\.m2\repository\commons-codec\commons-codec\1.15\commons-codec-1.15.jar;C:\Users\varghese\.m2\repository\org\apache\commons\commons-collections4\4.4\commons-collections4-4.4.jar;C:\Users\varghese\.m2\repository\org\apache\commons\commons-math3\3.6.1\commons-math3-3.6.1.jar;C:\Users\varghese\.m2\repository\com\zaxxer\SparseBitSet\1.2\SparseBitSet-1.2.jar;C:\Users\varghese\.m2\repository\org\apache\logging\log4j\log4j-api\2.17.1\log4j-api-2.17.1.jar;C:\Users\varghese\.m2\repository\org\apache\poi\poi-ooxml\5.2.0\poi-ooxml-5.2.0.jar;C:\Users\varghese\.m2\repository\org\apache\poi\poi-ooxml-lite\5.2.0\poi-ooxml-lite-5.2.0.jar;C:\Users\varghese\.m2\repository\org\apache\xmlbeans\xmlbeans\5.0.3\xmlbeans-5.0.3.jar;C:\Users\varghese\.m2\repository\org\apache\commons\commons-compress\1.21\commons-compress-1.21.jar;C:\Users\varghese\.m2\repository\com\github\virtuald\curvesapi\1.06\curvesapi-1.06.jar;C:\Users\varghese\.m2\repository\log4j\log4j\1.2.17\log4j-1.2.17.jar;C:\Users\varghese\.m2\repository\org\apache\commons\commons-lang3\3.12.0\commons-lang3-3.12.0.jar;"/>
    <property name="sun.cpu.endian" value="little"/>
    <property name="user.home" value="C:\Users\varghese"/>
    <property name="user.language" value="en"/>
    <property name="java.specification.vendor" value="Oracle Corporation"/>
    <property name="java.version.date" value="2021-09-14"/>
    <property name="java.home" value="C:\Program Files\Java\jdk-17"/>
    <property name="file.separator" value="\"/>
    <property name="basedir" value="D:\Software Testing\HybridTdd\Opencart"/>
    <property name="java.vm.compressedOopsMode" value="32-bit"/>
    <property name="line.separator" value="&#10;"/>
    <property name="java.vm.specification.vendor" value="Oracle Corporation"/>
    <property name="java.specification.name" value="Java Platform API Specification"/>
    <property name="surefire.real.class.path" value="C:\Users\varghese\AppData\Local\Temp\surefire9730154741644702793\surefirebooter14581589036548492119.jar"/>
    <property name="user.script" value=""/>
    <property name="sun.management.compiler" value="HotSpot 64-Bit Tiered Compilers"/>
    <property name="java.runtime.version" value="17+35-LTS-2724"/>
    <property name="user.name" value="varghese"/>
    <property name="path.separator" value=";"/>
    <property name="os.version" value="10.0"/>
    <property name="java.runtime.name" value="Java(TM) SE Runtime Environment"/>
    <property name="file.encoding" value="Cp1252"/>
    <property name="java.vm.name" value="Java HotSpot(TM) 64-Bit Server VM"/>
    <property name="localRepository" value="C:\Users\varghese\.m2\repository"/>
    <property name="java.vendor.url.bug" value="https://bugreport.java.com/bugreport/"/>
    <property name="java.io.tmpdir" value="C:\Users\varghese\AppData\Local\Temp\"/>
    <property name="java.version" value="17"/>
    <property name="user.dir" value="D:\Software Testing\HybridTdd\Opencart"/>
    <property name="os.arch" value="amd64"/>
    <property name="java.vm.specification.name" value="Java Virtual Machine Specification"/>
    <property name="sun.os.patch.level" value=""/>
    <property name="native.encoding" value="Cp1252"/>
    <property name="java.library.path" value="C:\Program Files\Java\jdk-17\bin;C:\WINDOWS\Sun\Java\bin;C:\WINDOWS\system32;C:\WINDOWS;C:/Program Files/Java/jdk-17/bin/server;C:/Program Files/Java/jdk-17/bin;C:\Program Files (x86)\Common Files\Oracle\Java\javapath;C:\Python38\Scripts\;C:\Python38\;C:\WINDOWS\system32;C:\WINDOWS;C:\WINDOWS\System32\Wbem;C:\WINDOWS\System32\WindowsPowerShell\v1.0\;C:\WINDOWS\System32\OpenSSH\;C:\Program Files\nodejs\;C:\ProgramData\chocolatey\bin;C:\xampp\php;C:\Program Files\PostgreSQL\13\bin;C:\Program Files\Java\jdk-17\bin;D:\Software Testing\HybridTdd\iNetBanking\drivers\IEDriverServer.exe;C:\Program Files\apache-maven-3.8.3\bin;C:\Users\varghese\Downloads\openjdk-11+28_windows-x64_bin\jdk-11\bin;C:\Program Files\java\jdk-17\bin;C:\Program Files\Git\cmd;D:\STDownloads\gradle-7.3.3\bin;;C:\Program Files\Docker\Docker\resources\bin;C:\ProgramData\DockerDesktop\version-bin;C:\Program Files\MySQL\MySQL Shell 8.0\bin\;C:\Program Files\Common Files\Oracle\Java\javapath;C:\Python38\Scripts\;C:\Python38\;C:\WINDOWS\system32;C:\WINDOWS;C:\WINDOWS\System32\Wbem;C:\WINDOWS\System32\WindowsPowerShell\v1.0\;C:\WINDOWS\System32\OpenSSH\;C:\Program Files\Git\cmd;C:\Program Files\nodejs\;C:\ProgramData\chocolatey\bin;C:\xampp\php;C:\Program Files\PostgreSQL\13\bin;C:\Program Files\Java\jdk-17\bin;D:\STDownloads\Drivers;C:\Users\varghese\AppData\Local\Microsoft\WindowsApps;C:\Users\varghese\AppData\Local\Programs\Microsoft VS Code\bin;C:\Users\varghese\AppData\Local\atom\bin;C:\Program Files\heroku\bin;C:\Users\varghese\AppData\Local\Microsoft\WindowsApps;C:\Users\varghese\AppData\Roaming\npm;C:\androidsdktool;C:\androidsdktool\platform-tools;C:\androidsdktool\tools\bin;;C:\WINDOWS\System32;;."/>
    <property name="java.vm.info" value="mixed mode, sharing"/>
    <property name="java.vendor" value="Oracle Corporation"/>
    <property name="java.vm.version" value="17+35-LTS-2724"/>
    <property name="sun.io.unicode.encoding" value="UnicodeLittle"/>
    <property name="java.class.version" value="61.0"/>
  </properties>
  <testcase name="login" classname="com.opencart.testcases.tc_001_login" time="11.426">
    <system-out><![CDATA[ INFO [TestNG-tests-1] (baseClass.java:42)- chrome browser is starting...
 INFO [TestNG-tests-1] (baseClass.java:61)- url opened...
 INFO [TestNG-tests-1] (tc_001_login.java:21)- login link clicked...
 INFO [TestNG-tests-1] (tc_001_login.java:24)- email entered...
 INFO [TestNG-tests-1] (tc_001_login.java:27)- password entered...
 INFO [TestNG-tests-1] (tc_001_login.java:31)- login button clicked...
 INFO [TestNG-tests-1] (tc_001_login.java:36)- testcase passed...
]]></system-out>
    <system-err><![CDATA[log4j:ERROR Could not find value for key log4j.appender.TTCC
log4j:ERROR Could not instantiate appender named "TTCC".
SLF4J: Failed to load class "org.slf4j.impl.StaticLoggerBinder".
SLF4J: Defaulting to no-operation (NOP) logger implementation
SLF4J: See http://www.slf4j.org/codes.html#StaticLoggerBinder for further details.
ERROR StatusLogger Log4j2 could not find a logging implementation. Please add log4j-core to the classpath. Using SimpleLogger to log to the console...
Starting ChromeDriver 99.0.4844.51 (d537ec02474b5afe23684e7963d538896c63ac77-refs/branch-heads/4844@{#875}) on port 63679
Only local connections are allowed.
Please see https://chromedriver.chromium.org/security-considerations for suggestions on keeping ChromeDriver safe.
ChromeDriver was started successfully.
Mar 14, 2022 9:50:46 AM org.openqa.selenium.remote.ProtocolHandshake createSession
INFO: Detected dialect: W3C
Mar 14, 2022 9:50:46 AM org.openqa.selenium.devtools.CdpVersionFinder findNearestMatch
WARNING: Unable to find an exact match for CDP version 99, so returning the closest version found: 97
Mar 14, 2022 9:50:46 AM org.openqa.selenium.devtools.CdpVersionFinder findNearestMatch
INFO: Found CDP implementation for version 99 of 97
]]></system-err>
  </testcase>
  <testcase name="loginDtd[zxccxz@gmail.com, 1234567890, valid](1)" classname="com.opencart.testcases.tc_002_login_dtd" time="15.605">
    <system-out><![CDATA[ INFO [TestNG-tests-1] (baseClass.java:68)- clossing the browser...
 INFO [TestNG-tests-1] (baseClass.java:42)- chrome browser is starting...
 INFO [TestNG-tests-1] (baseClass.java:61)- url opened...
 INFO [TestNG-tests-1] (tc_002_login_dtd.java:23)- login link cliked...
 INFO [TestNG-tests-1] (tc_002_login_dtd.java:26)- email entered...
 INFO [TestNG-tests-1] (tc_002_login_dtd.java:29)- password entered...
 INFO [TestNG-tests-1] (tc_002_login_dtd.java:33)- login button clicked...
 INFO [TestNG-tests-1] (tc_002_login_dtd.java:40)- testcase passed...
 INFO [TestNG-tests-1] (tc_002_login_dtd.java:44)- click on Myaccount menu...
 INFO [TestNG-tests-1] (tc_002_login_dtd.java:47)- click on logout button...
 INFO [TestNG-tests-1] (tc_002_login_dtd.java:50)- click on continue button...
]]></system-out>
    <system-err><![CDATA[log4j:ERROR Could not find value for key log4j.appender.TTCC
log4j:ERROR Could not instantiate appender named "TTCC".
Starting ChromeDriver 99.0.4844.51 (d537ec02474b5afe23684e7963d538896c63ac77-refs/branch-heads/4844@{#875}) on port 65363
Only local connections are allowed.
Please see https://chromedriver.chromium.org/security-considerations for suggestions on keeping ChromeDriver safe.
ChromeDriver was started successfully.
Mar 14, 2022 9:51:00 AM org.openqa.selenium.remote.ProtocolHandshake createSession
INFO: Detected dialect: W3C
Mar 14, 2022 9:51:01 AM org.openqa.selenium.devtools.CdpVersionFinder findNearestMatch
WARNING: Unable to find an exact match for CDP version 99, so returning the closest version found: 97
Mar 14, 2022 9:51:01 AM org.openqa.selenium.devtools.CdpVersionFinder findNearestMatch
INFO: Found CDP implementation for version 99 of 97
]]></system-err>
  </testcase>
  <testcase name="loginDtd[qweewq@gmail.com, 9834567890, invalid](2)" classname="com.opencart.testcases.tc_002_login_dtd" time="7.913">
    <system-out><![CDATA[ INFO [TestNG-tests-1] (tc_002_login_dtd.java:23)- login link cliked...
 INFO [TestNG-tests-1] (tc_002_login_dtd.java:26)- email entered...
 INFO [TestNG-tests-1] (tc_002_login_dtd.java:29)- password entered...
 INFO [TestNG-tests-1] (tc_002_login_dtd.java:33)- login button clicked...
 INFO [TestNG-tests-1] (tc_002_login_dtd.java:61)- testcase passed...
]]></system-out>
  </testcase>
  <testcase name="loginDtd[asddsa@gmail.com, 6734567890, invalid](3)" classname="com.opencart.testcases.tc_002_login_dtd" time="7.639">
    <system-out><![CDATA[ INFO [TestNG-tests-1] (tc_002_login_dtd.java:23)- login link cliked...
 INFO [TestNG-tests-1] (tc_002_login_dtd.java:26)- email entered...
 INFO [TestNG-tests-1] (tc_002_login_dtd.java:29)- password entered...
 INFO [TestNG-tests-1] (tc_002_login_dtd.java:33)- login button clicked...
 INFO [TestNG-tests-1] (tc_002_login_dtd.java:61)- testcase passed...
]]></system-out>
  </testcase>
  <testcase name="register" classname="com.opencart.testcases.tc_003_register" time="5.942">
    <system-out><![CDATA[ INFO [TestNG-tests-1] (baseClass.java:68)- clossing the browser...
 INFO [TestNG-tests-1] (baseClass.java:42)- chrome browser is starting...
 INFO [TestNG-tests-1] (baseClass.java:61)- url opened...
 INFO [TestNG-tests-1] (tc_003_register.java:20)- click on register link
 INFO [TestNG-tests-1] (tc_003_register.java:23)- enter firstname
 INFO [TestNG-tests-1] (tc_003_register.java:26)- enter lastname
 INFO [TestNG-tests-1] (tc_003_register.java:29)- enter email
 INFO [TestNG-tests-1] (tc_003_register.java:32)- enter telephone number
 INFO [TestNG-tests-1] (tc_003_register.java:35)- enter password
 INFO [TestNG-tests-1] (tc_003_register.java:38)- confirm password
 INFO [TestNG-tests-1] (tc_003_register.java:41)- click on privacy policy
 INFO [TestNG-tests-1] (tc_003_register.java:44)- click on continue button
]]></system-out>
    <system-err><![CDATA[log4j:ERROR Could not find value for key log4j.appender.TTCC
log4j:ERROR Could not instantiate appender named "TTCC".
Starting ChromeDriver 99.0.4844.51 (d537ec02474b5afe23684e7963d538896c63ac77-refs/branch-heads/4844@{#875}) on port 52279
Only local connections are allowed.
Please see https://chromedriver.chromium.org/security-considerations for suggestions on keeping ChromeDriver safe.
ChromeDriver was started successfully.
Mar 14, 2022 9:51:36 AM org.openqa.selenium.remote.ProtocolHandshake createSession
INFO: Detected dialect: W3C
Mar 14, 2022 9:51:36 AM org.openqa.selenium.devtools.CdpVersionFinder findNearestMatch
WARNING: Unable to find an exact match for CDP version 99, so returning the closest version found: 97
Mar 14, 2022 9:51:36 AM org.openqa.selenium.devtools.CdpVersionFinder findNearestMatch
INFO: Found CDP implementation for version 99 of 97
]]></system-err>
  </testcase>
  <testcase name="logOut" classname="com.opencart.testcases.tc_004_logout" time="9.919">
    <system-out><![CDATA[ INFO [TestNG-tests-1] (baseClass.java:68)- clossing the browser...
 INFO [TestNG-tests-1] (baseClass.java:42)- chrome browser is starting...
 INFO [TestNG-tests-1] (baseClass.java:61)- url opened...
 INFO [TestNG-tests-1] (tc_004_logout.java:17)- login link clicked...
 INFO [TestNG-tests-1] (tc_004_logout.java:20)- email entered...
 INFO [TestNG-tests-1] (tc_004_logout.java:23)- password entered...
 INFO [TestNG-tests-1] (tc_004_logout.java:27)- login button clicked...
 INFO [TestNG-tests-1] (tc_004_logout.java:30)- click on myaccount link
 INFO [TestNG-tests-1] (tc_004_logout.java:33)- logout link clicked
 INFO [TestNG-tests-1] (tc_004_logout.java:37)- successfully logged out
]]></system-out>
    <system-err><![CDATA[log4j:ERROR Could not find value for key log4j.appender.TTCC
log4j:ERROR Could not instantiate appender named "TTCC".
Starting ChromeDriver 99.0.4844.51 (d537ec02474b5afe23684e7963d538896c63ac77-refs/branch-heads/4844@{#875}) on port 54183
Only local connections are allowed.
Please see https://chromedriver.chromium.org/security-considerations for suggestions on keeping ChromeDriver safe.
ChromeDriver was started successfully.
Mar 14, 2022 9:51:45 AM org.openqa.selenium.remote.ProtocolHandshake createSession
INFO: Detected dialect: W3C
Mar 14, 2022 9:51:45 AM org.openqa.selenium.devtools.CdpVersionFinder findNearestMatch
WARNING: Unable to find an exact match for CDP version 99, so returning the closest version found: 97
Mar 14, 2022 9:51:45 AM org.openqa.selenium.devtools.CdpVersionFinder findNearestMatch
INFO: Found CDP implementation for version 99 of 97
]]></system-err>
  </testcase>
  <testcase name="searchProductWithValidName" classname="com.opencart.testcases.tc_005_searchProduct" time="1.601">
    <system-out><![CDATA[ INFO [TestNG-tests-1] (baseClass.java:68)- clossing the browser...
 INFO [TestNG-tests-1] (baseClass.java:42)- chrome browser is starting...
 INFO [TestNG-tests-1] (baseClass.java:61)- url opened...
 INFO [TestNG-tests-1] (tc_005_searchProduct.java:16)- enter product name
 INFO [TestNG-tests-1] (tc_005_searchProduct.java:19)- click on search button
 INFO [TestNG-tests-1] (tc_005_searchProduct.java:22)- search product found
]]></system-out>
    <system-err><![CDATA[log4j:ERROR Could not find value for key log4j.appender.TTCC
log4j:ERROR Could not instantiate appender named "TTCC".
Starting ChromeDriver 99.0.4844.51 (d537ec02474b5afe23684e7963d538896c63ac77-refs/branch-heads/4844@{#875}) on port 65339
Only local connections are allowed.
Please see https://chromedriver.chromium.org/security-considerations for suggestions on keeping ChromeDriver safe.
ChromeDriver was started successfully.
Mar 14, 2022 9:51:57 AM org.openqa.selenium.remote.ProtocolHandshake createSession
INFO: Detected dialect: W3C
Mar 14, 2022 9:51:57 AM org.openqa.selenium.devtools.CdpVersionFinder findNearestMatch
WARNING: Unable to find an exact match for CDP version 99, so returning the closest version found: 97
Mar 14, 2022 9:51:57 AM org.openqa.selenium.devtools.CdpVersionFinder findNearestMatch
INFO: Found CDP implementation for version 99 of 97
]]></system-err>
  </testcase>
  <testcase name="searchProductWithInvalidName" classname="com.opencart.testcases.tc_005_searchProduct" time="1.677">
    <system-out><![CDATA[ INFO [TestNG-tests-1] (tc_005_searchProduct.java:37)- enter product name
 INFO [TestNG-tests-1] (tc_005_searchProduct.java:40)- click on search button
 INFO [TestNG-tests-1] (tc_005_searchProduct.java:43)- no product listed
]]></system-out>
  </testcase>
  <testcase name="productDecription" classname="com.opencart.testcases.tc_006_productDescription" time="4.041">
    <system-out><![CDATA[ INFO [TestNG-tests-1] (baseClass.java:68)- clossing the browser...
 INFO [TestNG-tests-1] (baseClass.java:42)- chrome browser is starting...
 INFO [TestNG-tests-1] (baseClass.java:61)- url opened...
 INFO [TestNG-tests-1] (tc_006_productDescription.java:20)- enter product name
 INFO [TestNG-tests-1] (tc_006_productDescription.java:23)- click on search button
 INFO [TestNG-tests-1] (tc_006_productDescription.java:26)- click on search product
 INFO [TestNG-tests-1] (tc_006_productDescription.java:29)- product description found
]]></system-out>
    <system-err><![CDATA[log4j:ERROR Could not find value for key log4j.appender.TTCC
log4j:ERROR Could not instantiate appender named "TTCC".
Starting ChromeDriver 99.0.4844.51 (d537ec02474b5afe23684e7963d538896c63ac77-refs/branch-heads/4844@{#875}) on port 62435
Only local connections are allowed.
Please see https://chromedriver.chromium.org/security-considerations for suggestions on keeping ChromeDriver safe.
ChromeDriver was started successfully.
Mar 14, 2022 9:52:04 AM org.openqa.selenium.remote.ProtocolHandshake createSession
INFO: Detected dialect: W3C
Mar 14, 2022 9:52:04 AM org.openqa.selenium.devtools.CdpVersionFinder findNearestMatch
WARNING: Unable to find an exact match for CDP version 99, so returning the closest version found: 97
Mar 14, 2022 9:52:04 AM org.openqa.selenium.devtools.CdpVersionFinder findNearestMatch
INFO: Found CDP implementation for version 99 of 97
]]></system-err>
  </testcase>
  <testcase name="addToCart" classname="com.opencart.testcases.tc_007_addToCart" time="8.337">
    <system-out><![CDATA[ INFO [TestNG-tests-1] (baseClass.java:68)- clossing the browser...
 INFO [TestNG-tests-1] (baseClass.java:42)- chrome browser is starting...
 INFO [TestNG-tests-1] (baseClass.java:61)- url opened...
 INFO [TestNG-tests-1] (tc_007_addToCart.java:18)- click on the product
 INFO [TestNG-tests-1] (tc_007_addToCart.java:21)- enter the quantity
 INFO [TestNG-tests-1] (tc_007_addToCart.java:24)- click on add to cart button
 INFO [TestNG-tests-1] (tc_007_addToCart.java:29)- item added to cart
]]></system-out>
    <system-err><![CDATA[log4j:ERROR Could not find value for key log4j.appender.TTCC
log4j:ERROR Could not instantiate appender named "TTCC".
Starting ChromeDriver 99.0.4844.51 (d537ec02474b5afe23684e7963d538896c63ac77-refs/branch-heads/4844@{#875}) on port 61264
Only local connections are allowed.
Please see https://chromedriver.chromium.org/security-considerations for suggestions on keeping ChromeDriver safe.
ChromeDriver was started successfully.
Mar 14, 2022 9:52:11 AM org.openqa.selenium.remote.ProtocolHandshake createSession
INFO: Detected dialect: W3C
Mar 14, 2022 9:52:11 AM org.openqa.selenium.devtools.CdpVersionFinder findNearestMatch
WARNING: Unable to find an exact match for CDP version 99, so returning the closest version found: 97
Mar 14, 2022 9:52:11 AM org.openqa.selenium.devtools.CdpVersionFinder findNearestMatch
INFO: Found CDP implementation for version 99 of 97
]]></system-err>
  </testcase>
</testsuite>