<?xml version="1.0" encoding="UTF-8"?>
<!-- Generated by org.testng.reporters.JUnitReportReporter -->
<testsuite hostname="LAPTOP-BKNNN7A8" failures="0" tests="3" name="com.opencart.testcases.tc_002_login_dtd" time="30.458" errors="0" timestamp="2022-03-14T09:40:49 IST" skipped="0">
  <testcase classname="com.opencart.testcases.tc_002_login_dtd" name="loginDtd" time="7.465"/>
  <system-out/>
  <testcase classname="com.opencart.testcases.tc_002_login_dtd" name="loginDtd" time="15.519"/>
  <system-out/>
  <testcase classname="com.opencart.testcases.tc_002_login_dtd" name="loginDtd" time="7.474"/>
  <system-out/>
</testsuite> <!-- com.opencart.testcases.tc_002_login_dtd -->
