<?xml version="1.0" encoding="UTF-8"?>
<!-- Generated by org.testng.reporters.JUnitReportReporter -->
<testsuite hostname="LAPTOP-BKNNN7A8" failures="0" tests="3" name="com.opencart.testcases.tc_002_login_dtd" time="33.345" errors="0" timestamp="2022-03-05T12:16:34 IST" skipped="0">
  <testcase classname="com.opencart.testcases.tc_002_login_dtd" name="loginDtd" time="8.210"/>
  <system-out/>
  <testcase classname="com.opencart.testcases.tc_002_login_dtd" name="loginDtd" time="8.156"/>
  <system-out/>
  <testcase classname="com.opencart.testcases.tc_002_login_dtd" name="loginDtd" time="16.979"/>
  <system-out/>
</testsuite> <!-- com.opencart.testcases.tc_002_login_dtd -->
