<?xml version="1.0" encoding="UTF-8"?>
<!-- Generated by org.testng.reporters.JUnitReportReporter -->
<testsuite hostname="LAPTOP-BKNNN7A8" failures="0" tests="3" name="com.opencart.testcases.tc_002_login_dtd" time="31.983" errors="0" timestamp="2022-03-06T13:14:52 IST" skipped="0">
  <testcase classname="com.opencart.testcases.tc_002_login_dtd" name="loginDtd" time="7.978"/>
  <system-out/>
  <testcase classname="com.opencart.testcases.tc_002_login_dtd" name="loginDtd" time="7.988"/>
  <system-out/>
  <testcase classname="com.opencart.testcases.tc_002_login_dtd" name="loginDtd" time="16.017"/>
  <system-out/>
</testsuite> <!-- com.opencart.testcases.tc_002_login_dtd -->
