<?xml version="1.0" encoding="UTF-8"?>
<!-- Generated by org.testng.reporters.JUnitReportReporter -->
<testsuite hostname="LAPTOP-BKNNN7A8" failures="0" tests="2" name="com.opencart.testcases.tc_005_searchProduct" time="3.014" errors="0" timestamp="2022-03-14T09:40:49 IST" skipped="0">
  <testcase classname="com.opencart.testcases.tc_005_searchProduct" name="searchProductWithValidName" time="1.491"/>
  <system-out/>
  <testcase classname="com.opencart.testcases.tc_005_searchProduct" name="searchProductWithInvalidName" time="1.523"/>
  <system-out/>
</testsuite> <!-- com.opencart.testcases.tc_005_searchProduct -->
