<?xml version="1.0" encoding="UTF-8"?>
<!-- Generated by org.testng.reporters.JUnitReportReporter -->
<testsuite hostname="LAPTOP-BKNNN7A8" failures="0" tests="2" name="com.opencart.testcases.tc_001_login" time="12.095" errors="0" timestamp="2022-03-06T13:02:59 IST" skipped="1">
  <testcase classname="com.opencart.testcases.tc_001_login" name="login" time="12.090"/>
  <system-out/>
  <testcase classname="com.opencart.testcases.tc_001_login" name="login2" time="0.005">
    <skipped/>
  </testcase> <!-- login2 -->
  <system-out/>
</testsuite> <!-- com.opencart.testcases.tc_001_login -->
