<?xml version="1.0" encoding="UTF-8"?>
<!-- Generated by org.testng.reporters.JUnitReportReporter -->
<testsuite hostname="LAPTOP-BKNNN7A8" failures="0" tests="3" name="com.opencart.testcases.tc_002_login_dtd" time="31.159" errors="0" timestamp="2022-03-14T09:52:22 IST" skipped="0">
  <testcase classname="com.opencart.testcases.tc_002_login_dtd" name="loginDtd" time="15.610"/>
  <system-out/>
  <testcase classname="com.opencart.testcases.tc_002_login_dtd" name="loginDtd" time="7.911"/>
  <system-out/>
  <testcase classname="com.opencart.testcases.tc_002_login_dtd" name="loginDtd" time="7.638"/>
  <system-out/>
</testsuite> <!-- com.opencart.testcases.tc_002_login_dtd -->
