<?xml version="1.0" encoding="UTF-8"?>
<!-- Generated by org.testng.reporters.JUnitReportReporter -->
<testsuite hostname="LAPTOP-BKNNN7A8" failures="0" tests="1" name="com.opencart.testcases.tc_001_login" time="11.432" errors="0" timestamp="2022-03-14T09:52:22 IST" skipped="0">
  <testcase classname="com.opencart.testcases.tc_001_login" name="login" time="11.432"/>
  <system-out/>
</testsuite> <!-- com.opencart.testcases.tc_001_login -->
